<?xml version="1.0" encoding="UTF-8"?>
<testng-results skipped="0" failed="0" total="1" passed="1">
  <reporter-output>
  </reporter-output>
  <suite name="Default suite" duration-ms="7448" started-at="2018-10-03T22:43:18Z" finished-at="2018-10-03T22:43:25Z">
    <groups>
    </groups>
    <test name="Default test" duration-ms="7448" started-at="2018-10-03T22:43:18Z" finished-at="2018-10-03T22:43:25Z">
      <class name="com.ashish.bigbasket.BBTestCase">
        <test-method status="PASS" signature="test2()" name="test2" duration-ms="5845" started-at="2018-10-03T22:43:18Z" finished-at="2018-10-03T22:43:24Z">
        </test-method>
        <test-method status="PASS" signature="cleanup()" name="cleanup" is-config="true" duration-ms="1590" started-at="2018-10-03T22:43:24Z" finished-at="2018-10-03T22:43:25Z">
        </test-method>
      </class>
    </test>
  </suite>
</testng-results>
